<?xml version="1.0" encoding="UTF-8"?>
<testng-results ignored="0" total="2" passed="2" failed="0" skipped="0">
  <reporter-output>
  </reporter-output>
  <suite started-at="2024-01-04T16:46:43 IST" name="Default suite" finished-at="2024-01-04T16:51:17 IST" duration-ms="274033">
    <groups>
    </groups>
    <test started-at="2024-01-04T16:46:43 IST" name="Default test" finished-at="2024-01-04T16:51:17 IST" duration-ms="274033">
      <class name="Com.OnlySky.testCases.TC_book_4">
        <test-method is-config="true" signature="setup()[pri:0, instance:Com.OnlySky.testCases.TC_book_4@72e5a8e]" started-at="2024-01-04T16:46:43 IST" name="setup" finished-at="2024-01-04T16:47:10 IST" duration-ms="26668" status="PASS">
          <reporter-output>
          </reporter-output>
        </test-method> <!-- setup -->
        <test-method signature="loginTest()[pri:0, instance:Com.OnlySky.testCases.TC_book_4@72e5a8e]" started-at="2024-01-04T16:47:10 IST" name="loginTest" finished-at="2024-01-04T16:47:23 IST" duration-ms="12599" status="PASS">
          <reporter-output>
          </reporter-output>
        </test-method> <!-- loginTest -->
        <test-method signature="book()[pri:0, instance:Com.OnlySky.testCases.TC_book_4@72e5a8e]" started-at="2024-01-04T16:47:23 IST" name="book" description="Redirect to the BBI option from the dashboard" finished-at="2024-01-04T16:51:02 IST" duration-ms="219230" status="PASS">
          <reporter-output>
          </reporter-output>
        </test-method> <!-- book -->
        <test-method is-config="true" signature="tearDown()[pri:0, instance:Com.OnlySky.testCases.TC_book_4@72e5a8e]" started-at="2024-01-04T16:51:02 IST" name="tearDown" finished-at="2024-01-04T16:51:17 IST" duration-ms="15402" status="PASS">
          <reporter-output>
          </reporter-output>
        </test-method> <!-- tearDown -->
      </class> <!-- Com.OnlySky.testCases.TC_book_4 -->
    </test> <!-- Default test -->
  </suite> <!-- Default suite -->
</testng-results>
