<?xml version="1.0" encoding="UTF-8"?>
<testng-results ignored="0" total="7" passed="7" failed="0" skipped="0">
  <reporter-output>
  </reporter-output>
  <suite started-at="2024-01-10T13:43:28 IST" name="Default suite" finished-at="2024-01-10T13:55:22 IST" duration-ms="714417">
    <groups>
    </groups>
    <test started-at="2024-01-10T13:43:28 IST" name="Default test" finished-at="2024-01-10T13:55:22 IST" duration-ms="714417">
      <class name="Com.OnlySky.testCases.TC_book_4">
        <test-method is-config="true" signature="setup()[pri:0, instance:Com.OnlySky.testCases.TC_book_4@52719fb6]" started-at="2024-01-10T13:43:28 IST" name="setup" finished-at="2024-01-10T13:43:50 IST" duration-ms="22688" status="PASS">
          <reporter-output>
          </reporter-output>
        </test-method> <!-- setup -->
        <test-method signature="loginTest()[pri:0, instance:Com.OnlySky.testCases.TC_book_4@52719fb6]" started-at="2024-01-10T13:43:50 IST" name="loginTest" finished-at="2024-01-10T13:44:11 IST" duration-ms="20460" status="PASS">
          <reporter-output>
          </reporter-output>
        </test-method> <!-- loginTest -->
        <test-method signature="book()[pri:0, instance:Com.OnlySky.testCases.TC_book_4@52719fb6]" started-at="2024-01-10T13:44:11 IST" name="book" description="Redirect to the BBI option from the dashboard" finished-at="2024-01-10T13:49:05 IST" duration-ms="294669" status="PASS">
          <reporter-output>
          </reporter-output>
        </test-method> <!-- book -->
        <test-method is-config="true" signature="tearDown()[pri:0, instance:Com.OnlySky.testCases.TC_book_4@52719fb6]" started-at="2024-01-10T13:49:06 IST" name="tearDown" finished-at="2024-01-10T13:49:21 IST" duration-ms="15406" status="PASS">
          <reporter-output>
          </reporter-output>
        </test-method> <!-- tearDown -->
      </class> <!-- Com.OnlySky.testCases.TC_book_4 -->
      <class name="Com.OnlySky.testCases.TC_POS_003">
        <test-method is-config="true" signature="setup()[pri:0, instance:Com.OnlySky.testCases.TC_POS_003@65c7a252]" started-at="2024-01-10T13:49:21 IST" name="setup" finished-at="2024-01-10T13:49:39 IST" duration-ms="18088" status="PASS">
          <reporter-output>
          </reporter-output>
        </test-method> <!-- setup -->
        <test-method signature="loginTest()[pri:0, instance:Com.OnlySky.testCases.TC_POS_003@65c7a252]" started-at="2024-01-10T13:49:39 IST" name="loginTest" finished-at="2024-01-10T13:49:50 IST" duration-ms="11109" status="PASS">
          <reporter-output>
          </reporter-output>
        </test-method> <!-- loginTest -->
        <test-method signature="pos()[pri:0, instance:Com.OnlySky.testCases.TC_POS_003@65c7a252]" started-at="2024-01-10T13:49:50 IST" name="pos" description="Redirect to the POS option from the dashboard" finished-at="2024-01-10T13:51:36 IST" duration-ms="106220" status="PASS">
          <reporter-output>
          </reporter-output>
        </test-method> <!-- pos -->
        <test-method is-config="true" signature="tearDown()[pri:0, instance:Com.OnlySky.testCases.TC_POS_003@65c7a252]" started-at="2024-01-10T13:51:36 IST" name="tearDown" finished-at="2024-01-10T13:51:52 IST" duration-ms="15330" status="PASS">
          <reporter-output>
          </reporter-output>
        </test-method> <!-- tearDown -->
      </class> <!-- Com.OnlySky.testCases.TC_POS_003 -->
      <class name="Com.OnlySky.testCases.TC_LoginTest_001">
        <test-method is-config="true" signature="setup()[pri:0, instance:Com.OnlySky.testCases.TC_LoginTest_001@4d154ccd]" started-at="2024-01-10T13:51:52 IST" name="setup" finished-at="2024-01-10T13:52:11 IST" duration-ms="19509" status="PASS">
          <reporter-output>
          </reporter-output>
        </test-method> <!-- setup -->
        <test-method signature="loginTest()[pri:0, instance:Com.OnlySky.testCases.TC_LoginTest_001@4d154ccd]" started-at="2024-01-10T13:52:11 IST" name="loginTest" finished-at="2024-01-10T13:52:22 IST" duration-ms="11148" status="PASS">
          <reporter-output>
          </reporter-output>
        </test-method> <!-- loginTest -->
        <test-method is-config="true" signature="tearDown()[pri:0, instance:Com.OnlySky.testCases.TC_LoginTest_001@4d154ccd]" started-at="2024-01-10T13:52:22 IST" name="tearDown" finished-at="2024-01-10T13:52:38 IST" duration-ms="15230" status="PASS">
          <reporter-output>
          </reporter-output>
        </test-method> <!-- tearDown -->
      </class> <!-- Com.OnlySky.testCases.TC_LoginTest_001 -->
      <class name="Com.OnlySky.testCases.TC_StoreFront_002">
        <test-method is-config="true" signature="setup()[pri:0, instance:Com.OnlySky.testCases.TC_StoreFront_002@229c6181]" started-at="2024-01-10T13:52:38 IST" name="setup" finished-at="2024-01-10T13:52:54 IST" duration-ms="16506" status="PASS">
          <reporter-output>
          </reporter-output>
        </test-method> <!-- setup -->
        <test-method signature="loginTest()[pri:0, instance:Com.OnlySky.testCases.TC_StoreFront_002@229c6181]" started-at="2024-01-10T13:52:54 IST" name="loginTest" finished-at="2024-01-10T13:53:05 IST" duration-ms="11221" status="PASS">
          <reporter-output>
          </reporter-output>
        </test-method> <!-- loginTest -->
        <test-method signature="bookPrivateSki()[pri:0, instance:Com.OnlySky.testCases.TC_StoreFront_002@229c6181]" started-at="2024-01-10T13:53:05 IST" name="bookPrivateSki" description="Book a Private Ski Lesson for 1 guest and complete the booking." finished-at="2024-01-10T13:55:07 IST" duration-ms="121529" status="PASS">
          <reporter-output>
          </reporter-output>
        </test-method> <!-- bookPrivateSki -->
        <test-method is-config="true" signature="tearDown()[pri:0, instance:Com.OnlySky.testCases.TC_StoreFront_002@229c6181]" started-at="2024-01-10T13:55:07 IST" name="tearDown" finished-at="2024-01-10T13:55:22 IST" duration-ms="15007" status="PASS">
          <reporter-output>
          </reporter-output>
        </test-method> <!-- tearDown -->
      </class> <!-- Com.OnlySky.testCases.TC_StoreFront_002 -->
    </test> <!-- Default test -->
  </suite> <!-- Default suite -->
</testng-results>
