<?xml version="1.0" encoding="UTF-8"?>
<!-- Generated by org.testng.reporters.JUnitXMLReporter -->
<testsuite ignored="0" hostname="Vishals-MacBook-Air.local" failures="0" tests="7" name="Default test" time="714.417" errors="0" timestamp="2024-01-10T13:55:22 IST">
  <testcase classname="Com.OnlySky.testCases.TC_LoginTest_001" name="loginTest" time="20.46"/>
  <testcase classname="Com.OnlySky.testCases.TC_book_4" name="book" time="294.669"/>
  <testcase classname="Com.OnlySky.testCases.TC_LoginTest_001" name="loginTest" time="11.109"/>
  <testcase classname="Com.OnlySky.testCases.TC_POS_003" name="pos" time="106.22"/>
  <testcase classname="Com.OnlySky.testCases.TC_LoginTest_001" name="loginTest" time="11.148"/>
  <testcase classname="Com.OnlySky.testCases.TC_LoginTest_001" name="loginTest" time="11.221"/>
  <testcase classname="Com.OnlySky.testCases.TC_StoreFront_002" name="bookPrivateSki" time="121.529"/>
</testsuite> <!-- Default test -->
